<?xml version="1.0" encoding="UTF-8"?>
<!-- Generated by org.testng.reporters.JUnitReportReporter -->
<testsuite hostname="DESKTOP-0OTUNVT" failures="0" tests="1" name="test.LaunchApp2" time="2.555" errors="0" timestamp="1 Aug 2021 00:28:56 GMT">
  <testcase classname="test.LaunchApp2" name="submitForm" time="2.555"/>
</testsuite> <!-- test.LaunchApp2 -->
